#
# A fatal error has been detected by the Java Runtime Environment:
#
#  Internal Error (os_windows_x86.cpp:114), pid=794260, tid=795880
#  Error: guarantee(result == -1,"Unexpected result from topLevelExceptionFilter")
#
# JRE version: 6.0_17-b04
# Java VM: Java HotSpot(TM) 64-Bit Server VM (14.3-b01 mixed mode windows-amd64 )
# If you would like to submit a bug report, please visit:
#   http://java.sun.com/webapps/bugreport/crash.jsp
# The crash happened outside the Java Virtual Machine in native code.
# See problematic frame for where to report the bug.
#

---------------  T H R E A D  ---------------

Current thread (0x0000000055fed800):  JavaThread "AWT-EventQueue-0" [_thread_in_native, id=795880, stack(0x0000000050cc0000,0x0000000050d40000)]

Stack: [0x0000000050cc0000,0x0000000050d40000]
[error occurred during error reporting (printing stack bounds), id 0xc0000005]

Java frames: (J=compiled Java code, j=interpreted, Vv=VM code)
j  sun.awt.windows.WGlobalCursorManager.findHeavyweightUnderCursor(Z)Ljava/awt/Component;+0
j  sun.awt.GlobalCursorManager._updateCursor(Z)V+30
j  sun.awt.GlobalCursorManager.access$000(Lsun/awt/GlobalCursorManager;Z)V+2
j  sun.awt.GlobalCursorManager$NativeUpdater.run()V+39
J  java.awt.EventDispatchThread.pumpOneEventForFilters(I)Z
j  java.awt.EventDispatchThread.pumpEventsForFilter(ILjava/awt/Conditional;Ljava/awt/EventFilter;)V+30
j  java.awt.EventDispatchThread.pumpEventsForHierarchy(ILjava/awt/Conditional;Ljava/awt/Component;)V+11
j  java.awt.EventDispatchThread.pumpEvents(ILjava/awt/Conditional;)V+4
j  java.awt.EventDispatchThread.pumpEvents(Ljava/awt/Conditional;)V+3
j  java.awt.EventDispatchThread.run()V+9
v  ~StubRoutines::call_stub

---------------  P R O C E S S  ---------------

Java Threads: ( => current thread )
  0x00000000565b0800 JavaThread "Code Analyzer updating thread" [_thread_blocked, id=796084, stack(0x0000000037310000,0x0000000037390000)]
  0x00000000565ad800 JavaThread "Active Reference Queue Daemon" daemon [_thread_blocked, id=795932, stack(0x0000000036cf0000,0x0000000036d70000)]
  0x00000000565b0000 JavaThread "Timer-17" daemon [_thread_blocked, id=796088, stack(0x0000000036b90000,0x0000000036c10000)]
  0x00000000565ae800 JavaThread "Timer-8" daemon [_thread_blocked, id=795924, stack(0x00000000592e0000,0x0000000059360000)]
  0x00000000565ad000 JavaThread "Explorer NavigationContext request queue" [_thread_blocked, id=794552, stack(0x0000000058b90000,0x0000000058c10000)]
  0x00000000565ab000 JavaThread "AddressBar directory emptiness poller" [_thread_blocked, id=795196, stack(0x0000000060920000,0x00000000609a0000)]
  0x00000000565a9800 JavaThread "Timer-1" [_thread_blocked, id=795628, stack(0x000000005c610000,0x000000005c690000)]
  0x00000000565a8800 JavaThread "TimerQueue" daemon [_thread_blocked, id=795560, stack(0x0000000056c90000,0x0000000056d10000)]
  0x0000000055fd1000 JavaThread "FelixPackageAdmin" daemon [_thread_blocked, id=795352, stack(0x0000000056ec0000,0x0000000056f40000)]
  0x000000005619a000 JavaThread "FelixStartLevel" daemon [_thread_blocked, id=795644, stack(0x0000000056dd0000,0x0000000056e50000)]
  0x0000000056199800 JavaThread "FelixDispatchQueue" daemon [_thread_blocked, id=792488, stack(0x0000000050d90000,0x0000000050e10000)]
=>0x0000000055fed800 JavaThread "AWT-EventQueue-0" [_thread_in_native, id=795880, stack(0x0000000050cc0000,0x0000000050d40000)]
  0x0000000055fd9800 JavaThread "com.google.common.base.internal.Finalizer" daemon [_thread_blocked, id=795848, stack(0x000000001d170000,0x000000001d1f0000)]
  0x0000000056015000 JavaThread "AWT-Windows" daemon [_thread_in_native, id=795772, stack(0x00000000357d0000,0x0000000035850000)]
  0x0000000056014800 JavaThread "AWT-Shutdown" [_thread_blocked, id=795768, stack(0x00000000253e0000,0x0000000025460000)]
  0x0000000056013800 JavaThread "Java2D Disposer" daemon [_thread_blocked, id=795836, stack(0x0000000031640000,0x00000000316c0000)]
  0x0000000055ccd000 JavaThread "Timer-0" [_thread_blocked, id=795636, stack(0x00000000190c0000,0x0000000019140000)]
  0x0000000055b6e800 JavaThread "EventMgr Dispatcher" daemon [_thread_in_native, id=791724, stack(0x0000000015040000,0x0000000019040000)]
  0x000000005500f800 JavaThread "Low Memory Detector" daemon [_thread_blocked, id=794232, stack(0x000000000fe90000,0x000000000ff10000)]
  0x0000000055008800 JavaThread "CompilerThread1" daemon [_thread_blocked, id=795808, stack(0x0000000094540000,0x0000000098540000)]
  0x0000000055002800 JavaThread "CompilerThread0" daemon [_thread_blocked, id=795816, stack(0x00000000904c0000,0x00000000944c0000)]
  0x0000000055001800 JavaThread "Attach Listener" daemon [_thread_blocked, id=795812, stack(0x000000000ff50000,0x000000000ffd0000)]
  0x0000000054fa9000 JavaThread "Finalizer" daemon [_thread_blocked, id=795144, stack(0x000000000fde0000,0x000000000fe60000)]
  0x0000000054f9f000 JavaThread "Reference Handler" daemon [_thread_blocked, id=793216, stack(0x000000000fcc0000,0x000000000fd40000)]
  0x0000000006b37000 JavaThread "main" [_thread_in_native, id=793924, stack(0x00000000001b0000,0x00000000041b0000)]

Other Threads:
  0x0000000054f99800 VMThread [stack: 0x000000008c320000,0x0000000090320000] [id=795044]
  0x000000005503c800 WatcherThread [stack: 0x0000000098680000,0x000000009c680000] [id=791804]

VM state:not at safepoint (normal execution)

VM Mutex/Monitor currently owned by a thread: None

Heap
 PSYoungGen      total 33472K, used 15099K [0x000000004db60000, 0x0000000050c60000, 0x0000000050c60000)
  eden space 16896K, 28% used [0x000000004db60000,0x000000004e013168,0x000000004ebe0000)
  from space 16576K, 62% used [0x000000004fc30000,0x000000005063bce0,0x0000000050c60000)
  to   space 16640K, 0% used [0x000000004ebe0000,0x000000004ebe0000,0x000000004fc20000)
 PSOldGen        total 75264K, used 29850K [0x0000000044860000, 0x00000000491e0000, 0x000000004db60000)
  object space 75264K, 39% used [0x0000000044860000,0x00000000465869b0,0x00000000491e0000)
 PSPermGen       total 83200K, used 59452K [0x000000003c860000, 0x00000000419a0000, 0x0000000044860000)
  object space 83200K, 71% used [0x000000003c860000,0x000000004026f210,0x00000000419a0000)

Dynamic libraries:
0x000000013f9d0000 - 0x000000013fa02000 	C:\Program Files\MATLAB\R2012a\bin\win64\matlab.exe
0x0000000077460000 - 0x000000007760a000 	C:\Windows\SYSTEM32\ntdll.dll
0x0000000077240000 - 0x000000007735f000 	C:\Windows\system32\kernel32.dll
0x000007fefd4e0000 - 0x000007fefd54a000 	C:\Windows\system32\KERNELBASE.dll
0x0000000074460000 - 0x0000000074554000 	C:\Program Files\MATLAB\R2012a\bin\win64\libut.dll
0x00000000758a0000 - 0x0000000075952000 	C:\Program Files\MATLAB\R2012a\bin\win64\libmwi18n.dll
0x0000000180000000 - 0x000000018000b000 	C:\Program Files\MATLAB\R2012a\bin\win64\libmwresource_core.dll
0x0000000067b10000 - 0x0000000067be3000 	C:\Windows\WinSxS\amd64_microsoft.vc90.crt_1fc8b3b9a1e18e3b_9.0.30729.6161_none_08e61857a83bc251\MSVCP90.dll
0x0000000067ed0000 - 0x0000000067f73000 	C:\Windows\WinSxS\amd64_microsoft.vc90.crt_1fc8b3b9a1e18e3b_9.0.30729.6161_none_08e61857a83bc251\MSVCR90.dll
0x000000007a170000 - 0x000000007a19c000 	C:\Program Files\MATLAB\R2012a\bin\win64\boost_filesystem-vc90-mt-1_44.dll
0x000000007a560000 - 0x000000007a569000 	C:\Program Files\MATLAB\R2012a\bin\win64\boost_system-vc90-mt-1_44.dll
0x000007fefd550000 - 0x000007fefd62b000 	C:\Windows\system32\ADVAPI32.dll
0x000007fefe9f0000 - 0x000007fefea8f000 	C:\Windows\system32\msvcrt.dll
0x000007fefdb20000 - 0x000007fefdb3f000 	C:\Windows\SYSTEM32\sechost.dll
0x000007feff200000 - 0x000007feff32d000 	C:\Windows\system32\RPCRT4.dll
0x000000007a010000 - 0x000000007a035000 	C:\Program Files\MATLAB\R2012a\bin\win64\LIBEXPAT.dll
0x0000000073140000 - 0x0000000073331000 	C:\Program Files\MATLAB\R2012a\bin\win64\icuin44.dll
0x00000000735a0000 - 0x0000000073711000 	C:\Program Files\MATLAB\R2012a\bin\win64\icuuc44.dll
0x0000000010000000 - 0x0000000010e41000 	C:\Program Files\MATLAB\R2012a\bin\win64\icudt44.dll
0x0000000073f70000 - 0x00000000740ad000 	C:\Program Files\MATLAB\R2012a\bin\win64\libmwfl.dll
0x0000000004320000 - 0x0000000004616000 	C:\Program Files\MATLAB\R2012a\bin\win64\libmwMATLAB_res.dll
0x000000007a3b0000 - 0x000000007a3c0000 	C:\Program Files\MATLAB\R2012a\bin\win64\boost_date_time-vc90-mt-1_44.dll
0x000000007a250000 - 0x000000007a263000 	C:\Program Files\MATLAB\R2012a\bin\win64\boost_signals-vc90-mt-1_44.dll
0x000000007a2d0000 - 0x000000007a2e2000 	C:\Program Files\MATLAB\R2012a\bin\win64\boost_thread-vc90-mt-1_44.dll
0x00000000041b0000 - 0x00000000041f6000 	C:\Program Files\MATLAB\R2012a\bin\win64\tbb.dll
0x000007fefdb00000 - 0x000007fefdb19000 	C:\Windows\system32\imagehlp.dll
0x0000000077630000 - 0x0000000077637000 	C:\Windows\system32\PSAPI.DLL
0x0000000059610000 - 0x0000000059623000 	C:\Program Files\MATLAB\R2012a\bin\win64\icuio44.dll
0x000007fefa180000 - 0x000007fefa2a5000 	C:\Windows\system32\dbghelp.dll
0x0000000077360000 - 0x000000007745a000 	C:\Windows\system32\USER32.dll
0x000007feff0a0000 - 0x000007feff107000 	C:\Windows\system32\GDI32.dll
0x000007feff120000 - 0x000007feff12e000 	C:\Windows\system32\LPK.dll
0x000007feff130000 - 0x000007feff1fa000 	C:\Windows\system32\USP10.dll
0x000000007bed0000 - 0x000000007c183000 	C:\Program Files\MATLAB\R2012a\bin\win64\libmwservices.dll
0x0000000075a20000 - 0x0000000075ae2000 	C:\Program Files\MATLAB\R2012a\bin\win64\libmx.dll
0x000000007a210000 - 0x000000007a228000 	C:\Program Files\MATLAB\R2012a\bin\win64\zlib1.dll
0x0000000004630000 - 0x0000000004651000 	C:\Program Files\MATLAB\R2012a\bin\win64\libmwmfl_scalar.dll
0x0000000075f10000 - 0x0000000075f5d000 	C:\Program Files\MATLAB\R2012a\bin\win64\mpath.dll
0x000000007b680000 - 0x000000007bbe1000 	C:\Program Files\MATLAB\R2012a\bin\win64\mlutil.dll
0x0000000074890000 - 0x000000007490f000 	C:\Program Files\MATLAB\R2012a\bin\win64\xmlcore.dll
0x000000007bc30000 - 0x000000007be83000 	C:\Program Files\MATLAB\R2012a\bin\win64\xerces-c_2_7.dll
0x000007feff680000 - 0x000007feff6cd000 	C:\Windows\system32\WS2_32.dll
0x000007feff110000 - 0x000007feff118000 	C:\Windows\system32\NSI.dll
0x00000000046b0000 - 0x00000000046ca000 	C:\Program Files\MATLAB\R2012a\bin\win64\libmwMATLAB_settings_res.dll
0x00000000046e0000 - 0x0000000004727000 	C:\Program Files\MATLAB\R2012a\bin\win64\boost_serialization-vc90-mt-1_44.dll
0x000007fefdbc0000 - 0x000007fefe94c000 	C:\Windows\system32\SHELL32.dll
0x000007fefdb40000 - 0x000007fefdbb1000 	C:\Windows\system32\SHLWAPI.dll
0x000007feef4b0000 - 0x000007feef550000 	C:\Windows\WinSxS\amd64_microsoft.windows.common-controls_6595b64144ccf1df_5.82.7601.18837_none_a4d981ff711297b6\COMCTL32.dll
0x000007fefe950000 - 0x000007fefe9e7000 	C:\Windows\system32\COMDLG32.dll
0x000007fefb020000 - 0x000007fefb036000 	C:\Windows\system32\NETAPI32.dll
0x000007fefc970000 - 0x000007fefc97c000 	C:\Windows\system32\netutils.dll
0x000007fefccf0000 - 0x000007fefcd13000 	C:\Windows\system32\srvcli.dll
0x000007fefafb0000 - 0x000007fefafc5000 	C:\Windows\system32\wkscli.dll
0x000007fefd8f0000 - 0x000007fefdaf3000 	C:\Windows\system32\ole32.dll
0x000007fefd810000 - 0x000007fefd8ea000 	C:\Windows\system32\OLEAUT32.dll
0x0000000074970000 - 0x0000000074b06000 	C:\Program Files\MATLAB\R2012a\bin\win64\mcr.dll
0x0000000075000000 - 0x000000007536b000 	C:\Program Files\MATLAB\R2012a\bin\win64\iqm.dll
0x0000000004760000 - 0x0000000004f81000 	C:\Program Files\MATLAB\R2012a\bin\win64\m_interpreter.dll
0x0000000079d70000 - 0x0000000079d95000 	C:\Program Files\MATLAB\R2012a\bin\win64\libmex.dll
0x0000000004fb0000 - 0x0000000005063000 	C:\Program Files\MATLAB\R2012a\bin\win64\m_dispatcher.dll
0x0000000005080000 - 0x000000000516d000 	C:\Program Files\MATLAB\R2012a\bin\win64\boost_regex-vc90-mt-1_44.dll
0x0000000074f10000 - 0x0000000074f94000 	C:\Program Files\MATLAB\R2012a\bin\win64\profiler.dll
0x0000000005190000 - 0x00000000053e5000 	C:\Program Files\MATLAB\R2012a\bin\win64\libmwmathutil.dll
0x0000000079f40000 - 0x0000000079f6d000 	C:\Program Files\MATLAB\R2012a\bin\win64\libmwmathrng.dll
0x0000000074c10000 - 0x0000000074ced000 	C:\Program Files\MATLAB\R2012a\bin\win64\libmwmathcore.dll
0x0000000076160000 - 0x00000000761cb000 	C:\Program Files\MATLAB\R2012a\bin\win64\libmwspmatrix.dll
0x0000000075ea0000 - 0x0000000075f02000 	C:\Program Files\MATLAB\R2012a\bin\win64\libmwcholmod.dll
0x000000007a460000 - 0x000000007a46d000 	C:\Program Files\MATLAB\R2012a\bin\win64\libmwamd.dll
0x000000007a4b0000 - 0x000000007a4bc000 	C:\Program Files\MATLAB\R2012a\bin\win64\libmwcolamd.dll
0x00000000595f0000 - 0x0000000059609000 	C:\Program Files\MATLAB\R2012a\bin\win64\libmwblas.dll
0x0000000058b30000 - 0x0000000058b42000 	C:\Program Files\MATLAB\R2012a\bin\win64\libmwbinder.dll
0x0000000059380000 - 0x000000005938b000 	C:\Program Files\MATLAB\R2012a\bin\win64\libmwompwrapper.dll
0x0000000005490000 - 0x0000000005516000 	C:\Program Files\MATLAB\R2012a\bin\win64\libmwlapack.dll
0x00000000796f0000 - 0x0000000079711000 	C:\Program Files\MATLAB\R2012a\bin\win64\m_pcodeio.dll
0x0000000079b10000 - 0x0000000079b77000 	C:\Program Files\MATLAB\R2012a\bin\win64\m_ir.dll
0x0000000078cd0000 - 0x0000000079320000 	C:\Program Files\MATLAB\R2012a\bin\win64\m_parser.dll
0x0000000005560000 - 0x000000000557a000 	C:\Program Files\MATLAB\R2012a\bin\win64\ir_xfmr.dll
0x000000007a650000 - 0x000000007a8c9000 	C:\Program Files\MATLAB\R2012a\bin\win64\mcos.dll
0x00000000592d0000 - 0x00000000592dc000 	C:\Program Files\MATLAB\R2012a\bin\win64\mtok.dll
0x000000007a090000 - 0x000000007a0c1000 	C:\Program Files\MATLAB\R2012a\bin\win64\m_pcodegen.dll
0x0000000079fb0000 - 0x0000000079fe7000 	C:\Program Files\MATLAB\R2012a\bin\win64\libmwbridge.dll
0x0000000074130000 - 0x00000000741f8000 	C:\Program Files\MATLAB\R2012a\bin\win64\udd.dll
0x0000000073af0000 - 0x0000000073c42000 	C:\Program Files\MATLAB\R2012a\bin\win64\libmwgui.dll
0x00000000055f0000 - 0x0000000005607000 	C:\Program Files\MATLAB\R2012a\bin\win64\graphics_util.dll
0x0000000005620000 - 0x0000000005fc3000 	C:\Program Files\MATLAB\R2012a\bin\win64\hg.dll
0x0000000005fe0000 - 0x0000000006047000 	C:\Program Files\MATLAB\R2012a\bin\win64\libmat.dll
0x0000000072d30000 - 0x0000000072f44000 	C:\Program Files\MATLAB\R2012a\bin\win64\hdf5dll.dll
0x0000000075710000 - 0x00000000757c1000 	C:\Program Files\MATLAB\R2012a\bin\win64\jmi.dll
0x0000000006080000 - 0x000000000608e000 	C:\Program Files\MATLAB\R2012a\bin\win64\nativejava_services.dll
0x00000000060a0000 - 0x00000000060e2000 	C:\Program Files\MATLAB\R2012a\bin\win64\libmwhardcopy.dll
0x0000000074e70000 - 0x0000000074eca000 	C:\Program Files\MATLAB\R2012a\bin\win64\libuij.dll
0x0000000006110000 - 0x000000000631c000 	C:\Program Files\MATLAB\R2012a\bin\win64\hgdatatypes.dll
0x0000000006330000 - 0x000000000642d000 	C:\Program Files\MATLAB\R2012a\bin\win64\hgutils.dll
0x00000000743a0000 - 0x000000007445d000 	C:\Program Files\MATLAB\R2012a\bin\win64\udd_mi.dll
0x0000000006450000 - 0x000000000648b000 	C:\Program Files\MATLAB\R2012a\bin\win64\libmwgbtutils.dll
0x00000000064a0000 - 0x00000000064b9000 	C:\Program Files\MATLAB\R2012a\bin\win64\libmwgbt.dll
0x00000000064d0000 - 0x000000000679a000 	C:\Program Files\MATLAB\R2012a\bin\win64\uiw.dll
0x000000007a2c0000 - 0x000000007a2cf000 	C:\Program Files\MATLAB\R2012a\bin\win64\uinone.dll
0x000007fef9cf0000 - 0x000007fef9d08000 	C:\Windows\system32\MPR.dll
0x0000000077b50000 - 0x0000000078034000 	C:\Windows\WinSxS\amd64_microsoft.vc90.mfc_1fc8b3b9a1e18e3b_9.0.30729.6161_none_044aad0bab1eb146\mfc90.dll
0x000007feeb2f0000 - 0x000007feeb2f7000 	C:\Windows\system32\MSIMG32.dll
0x000007feec4a0000 - 0x000007feec511000 	C:\Windows\system32\WINSPOOL.DRV
0x0000000079ed0000 - 0x0000000079ef0000 	C:\Program Files\MATLAB\R2012a\bin\win64\mwoles05.DLL
0x00000000067d0000 - 0x000000000684c000 	C:\Program Files\MATLAB\R2012a\bin\win64\comcli.dll
0x0000000006860000 - 0x000000000688f000 	C:\Windows\WinSxS\amd64_microsoft.vc90.atl_1fc8b3b9a1e18e3b_9.0.30729.6161_none_0a1fd3a3a768b895\ATL90.DLL
0x00000000799d0000 - 0x00000000799dc000 	C:\Program Files\MATLAB\R2012a\bin\win64\mlautoregister.dll
0x00000000068a0000 - 0x00000000068b0000 	C:\Program Files\MATLAB\R2012a\bin\win64\boost_iostreams-vc90-mt-1_44.dll
0x000007fefee80000 - 0x000007fefeeae000 	C:\Windows\system32\IMM32.DLL
0x000007fefea90000 - 0x000007fefeb99000 	C:\Windows\system32\MSCTF.dll
0x0000000006a70000 - 0x0000000006aa9000 	C:\PROGRA~2\Sophos\SOPHOS~1\SOPHOS~2.DLL
0x000007fefba90000 - 0x000007fefbae6000 	C:\Windows\system32\UxTheme.dll
0x000007fefb2c0000 - 0x000007fefb2d8000 	C:\Windows\system32\dwmapi.dll
0x000000005c6d0000 - 0x000000005c6dd000 	C:\Windows\WinSxS\amd64_microsoft.vc90.mfcloc_1fc8b3b9a1e18e3b_9.0.30729.6161_none_01c9581e60cbee58\MFC90ENU.DLL
0x0000000006c10000 - 0x0000000006c39000 	C:\Program Files\MATLAB\R2012a\bin\win64\tbbmalloc.dll
0x000007fef7820000 - 0x000007fef7869000 	C:\Program Files (x86)\TeamViewer\tv_x64.dll
0x000007fefc2a0000 - 0x000007fefc2ac000 	C:\Windows\system32\VERSION.dll
0x000000000e3b0000 - 0x000000000ea0d000 	C:\Program Files\MATLAB\R2012a\sys\java\jre\win64\jre\bin\server\jvm.dll
0x000007fefaa40000 - 0x000007fefaa7b000 	C:\Windows\system32\WINMM.dll
0x000007fefd1a0000 - 0x000007fefd1af000 	C:\Windows\system32\profapi.dll
0x0000000008e00000 - 0x0000000008e03000 	C:\Windows\system32\icmp.Dll
0x000007fefbfc0000 - 0x000007fefbfe7000 	C:\Windows\system32\iphlpapi.DLL
0x000007fefc290000 - 0x000007fefc29b000 	C:\Windows\system32\WINNSI.DLL
0x000007fefcf60000 - 0x000007fefcf85000 	C:\Windows\system32\SspiCli.dll
0x000007fefa630000 - 0x000007fefa645000 	C:\Windows\system32\NLAapi.dll
0x000007fef8c20000 - 0x000007fef8c35000 	C:\Windows\system32\napinsp.dll
0x000007fef8c00000 - 0x000007fef8c19000 	C:\Windows\system32\pnrpnsp.dll
0x000007fefc910000 - 0x000007fefc965000 	C:\Windows\System32\mswsock.dll
0x000007fefc7a0000 - 0x000007fefc7fb000 	C:\Windows\system32\DNSAPI.dll

VM Arguments:
jvm_args: -Xss512k -XX:PermSize=32m -Xms64m -XX:NewRatio=3 -XX:MaxPermSize=128m -Xmx196m -XX:MaxDirectMemorySize=2147400000 -Dsun.java2d.noddraw=true -Dsun.awt.nopixfmt=true -Xshare:off -Xrs -Dsun.awt.disableMixing=true -Djava.library.path=C:\Program Files\MATLAB\R2012a\bin\win64 vfprintf abort 
java_command: <unknown>
Launcher Type: generic

Environment Variables:
JAVA_HOME=C:\Program Files\Java\jdk1.8.0_92
PATH=C:\ProgramData\Oracle\Java\javapath;C:\Program Files (x86)\Common Files\Intel\Shared Libraries\redist\intel64\mpirt;C:\Program Files (x86)\Common Files\Intel\Shared Libraries\redist\intel64\compiler;C:\Program Files (x86)\Common Files\Intel\Shared Libraries\redist\ia32\mpirt;C:\Program Files (x86)\Common Files\Intel\Shared Libraries\redist\ia32\compiler;C:\Program Files\Common Files\Microsoft Shared\Windows Live;C:\Program Files (x86)\Common Files\Microsoft Shared\Windows Live;C:\Windows\system32;C:\Windows;C:\Windows\System32\Wbem;C:\Windows\System32\WindowsPowerShell\v1.0\;c:\Program Files (x86)\Common Files\Roxio Shared\DLLShared\;c:\Program Files (x86)\Common Files\Roxio Shared\10.0\DLLShared\;C:\Program Files (x86)\Common Files\Thunder Network\KanKan\Codecs;C:\Program Files (x86)\Windows Live\Shared;C:\Program Files\MATLAB\R2012a\bin;C:\Program Files\TortoiseSVN\bin;C:\Program Files\Microsoft\Web Platform Installer\;C:\Program Files (x86)\Microsoft ASP.NET\ASP.NET Web Pages\v1.0\;C:\Program Files (x86)\Windows Kits\8.0\Windows Performance Toolkit\;C:\Program Files\Microsoft SQL Server\110\Tools\Binn\;"C:\Users\sarkara1\Box Sync\IMPlanner Research\Softwares\apache-maven-3.3.3\bin";c:\Program Files (x86)\Microsoft SQL Server\110\Tools\Binn\;c:\Program Files\Microsoft SQL Server\110\DTS\Binn\;C:\Program Files (x86)\QuickTime\QTSystem\;C:\Program Files (x86)\Skype\Phone\;C:\Program Files\Siemens\NX 10.0\UGII\;USERPROFILE\.dnx\bin;C:\Program Files\Microsoft DNX\Dnvm\;C:\Program Files\Java\jdk1.8.0_92\bin;C:\Users\sarkara1\Box Sync\IMPlanner Research\Softwares\apache-ant-1.9.6\bin;JADE_HONE\lib\jade.jar
USERNAME=sarkara1
OS=Windows_NT
PROCESSOR_IDENTIFIER=Intel64 Family 6 Model 44 Stepping 2, GenuineIntel



---------------  S Y S T E M  ---------------

OS: Windows 7 Build 7601 Service Pack 1

CPU:total 8 (16 cores per cpu, 2 threads per core) family 6 model 44 stepping 2, cmov, cx8, fxsr, mmx, sse, sse2, sse3, ssse3, sse4.1, sse4.2, ht

Memory: 4k page, physical 50314468k(30190572k free), swap 100627076k(78170528k free)

vm_info: Java HotSpot(TM) 64-Bit Server VM (14.3-b01) for windows-amd64 JRE (1.6.0_17-b04), built on Oct 11 2009 00:46:08 by "java_re" with MS VC++ 8.0

time: Wed Oct 12 15:37:57 2016
elapsed time: 269 seconds

