#
# A fatal error has been detected by the Java Runtime Environment:
#
#  Internal Error (os_windows_x86.cpp:114), pid=793592, tid=791856
#  Error: guarantee(result == -1,"Unexpected result from topLevelExceptionFilter")
#
# JRE version: 6.0_17-b04
# Java VM: Java HotSpot(TM) 64-Bit Server VM (14.3-b01 mixed mode windows-amd64 )
# If you would like to submit a bug report, please visit:
#   http://java.sun.com/webapps/bugreport/crash.jsp
# The crash happened outside the Java Virtual Machine in native code.
# See problematic frame for where to report the bug.
#

---------------  T H R E A D  ---------------

Current thread (0x0000000056741800):  JavaThread "AWT-EventQueue-0" [_thread_in_native, id=791856, stack(0x000000000f0a0000,0x000000000f120000)]

Stack: [0x000000000f0a0000,0x000000000f120000]
[error occurred during error reporting (printing stack bounds), id 0xc0000005]

Java frames: (J=compiled Java code, j=interpreted, Vv=VM code)
j  sun.awt.windows.WGlobalCursorManager.findHeavyweightUnderCursor(Z)Ljava/awt/Component;+0
j  sun.awt.GlobalCursorManager._updateCursor(Z)V+30
j  sun.awt.GlobalCursorManager.access$000(Lsun/awt/GlobalCursorManager;Z)V+2
j  sun.awt.GlobalCursorManager$NativeUpdater.run()V+39
j  java.awt.event.InvocationEvent.dispatch()V+47
J  java.awt.EventDispatchThread.pumpOneEventForFilters(I)Z
j  java.awt.EventDispatchThread.pumpEventsForFilter(ILjava/awt/Conditional;Ljava/awt/EventFilter;)V+30
j  java.awt.EventDispatchThread.pumpEventsForHierarchy(ILjava/awt/Conditional;Ljava/awt/Component;)V+11
j  java.awt.EventDispatchThread.pumpEvents(ILjava/awt/Conditional;)V+4
j  java.awt.EventDispatchThread.pumpEvents(Ljava/awt/Conditional;)V+3
j  java.awt.EventDispatchThread.run()V+9
v  ~StubRoutines::call_stub

---------------  P R O C E S S  ---------------

Java Threads: ( => current thread )
  0x0000000056b6d800 JavaThread "pool-8-thread-1" [_thread_blocked, id=795240, stack(0x0000000009ec0000,0x0000000009f40000)]
  0x0000000056b72000 JavaThread "Code Analyzer updating thread" [_thread_blocked, id=795328, stack(0x000000005cec0000,0x000000005cf40000)]
  0x0000000056b71000 JavaThread "Active Reference Queue Daemon" daemon [_thread_blocked, id=796584, stack(0x000000005cfc0000,0x000000005d040000)]
  0x0000000056b6f800 JavaThread "Timer-9" daemon [_thread_blocked, id=791524, stack(0x000000005ce20000,0x000000005cea0000)]
  0x0000000056b70800 JavaThread "Timer-8" daemon [_thread_blocked, id=793504, stack(0x0000000058c50000,0x0000000058cd0000)]
  0x0000000056b6e000 JavaThread "Explorer NavigationContext request queue" [_thread_blocked, id=794904, stack(0x0000000059410000,0x0000000059490000)]
  0x0000000056b6c000 JavaThread "AddressBar directory emptiness poller" [_thread_blocked, id=796556, stack(0x0000000059200000,0x0000000059280000)]
  0x0000000056b6a800 JavaThread "Timer-1" [_thread_blocked, id=795720, stack(0x0000000059130000,0x00000000591b0000)]
  0x0000000056b6a000 JavaThread "TimerQueue" daemon [_thread_blocked, id=793184, stack(0x00000000317c0000,0x0000000031840000)]
  0x0000000056638800 JavaThread "FelixPackageAdmin" daemon [_thread_blocked, id=796028, stack(0x0000000031730000,0x00000000317b0000)]
  0x000000005673b800 JavaThread "FelixStartLevel" daemon [_thread_blocked, id=796604, stack(0x000000002d580000,0x000000002d600000)]
  0x000000005673a800 JavaThread "FelixDispatchQueue" daemon [_thread_blocked, id=796288, stack(0x0000000025380000,0x0000000025400000)]
=>0x0000000056741800 JavaThread "AWT-EventQueue-0" [_thread_in_native, id=791856, stack(0x000000000f0a0000,0x000000000f120000)]
  0x0000000056588800 JavaThread "com.google.common.base.internal.Finalizer" daemon [_thread_blocked, id=793076, stack(0x0000000029490000,0x0000000029510000)]
  0x000000005661a000 JavaThread "AWT-Windows" daemon [_thread_in_native, id=794000, stack(0x00000000211f0000,0x0000000021270000)]
  0x0000000056619000 JavaThread "AWT-Shutdown" [_thread_blocked, id=796080, stack(0x00000000252f0000,0x0000000025370000)]
  0x0000000056618800 JavaThread "Java2D Disposer" daemon [_thread_blocked, id=796016, stack(0x0000000021160000,0x00000000211e0000)]
  0x0000000056132800 JavaThread "Timer-0" [_thread_blocked, id=793952, stack(0x000000000ff30000,0x000000000ffb0000)]
  0x0000000056236000 JavaThread "EventMgr Dispatcher" daemon [_thread_in_native, id=792368, stack(0x0000000014fa0000,0x0000000018fa0000)]
  0x000000000fc3f800 JavaThread "Low Memory Detector" daemon [_thread_blocked, id=794444, stack(0x000000000fda0000,0x000000000fe20000)]
  0x000000000fc38800 JavaThread "CompilerThread1" daemon [_thread_blocked, id=795052, stack(0x00000000946b0000,0x00000000986b0000)]
  0x000000000fc32800 JavaThread "CompilerThread0" daemon [_thread_blocked, id=794500, stack(0x00000000904e0000,0x00000000944e0000)]
  0x000000000fc31800 JavaThread "Attach Listener" daemon [_thread_blocked, id=796184, stack(0x000000000f930000,0x000000000f9b0000)]
  0x000000000fbd3800 JavaThread "Finalizer" daemon [_thread_blocked, id=795404, stack(0x000000000fce0000,0x000000000fd60000)]
  0x000000000fbcf000 JavaThread "Reference Handler" daemon [_thread_blocked, id=789104, stack(0x000000000f790000,0x000000000f810000)]
  0x0000000006d57000 JavaThread "main" [_thread_in_native, id=794140, stack(0x0000000000140000,0x0000000004140000)]

Other Threads:
  0x000000000fbc9800 VMThread [stack: 0x000000008c390000,0x0000000090390000] [id=794664]
  0x000000000fc6c800 WatcherThread [stack: 0x0000000098750000,0x000000009c750000] [id=796400]

VM state:not at safepoint (normal execution)

VM Mutex/Monitor currently owned by a thread: None

Heap
 PSYoungGen      total 43328K, used 33056K [0x000000004e4e0000, 0x00000000515b0000, 0x00000000515e0000)
  eden space 37248K, 77% used [0x000000004e4e0000,0x00000000500f6c30,0x0000000050940000)
  from space 6080K, 70% used [0x0000000050f40000,0x0000000051371588,0x0000000051530000)
  to   space 6144K, 0% used [0x0000000050940000,0x0000000050940000,0x0000000050f40000)
 PSOldGen        total 69184K, used 37765K [0x00000000451e0000, 0x0000000049570000, 0x000000004e4e0000)
  object space 69184K, 54% used [0x00000000451e0000,0x00000000476c14a8,0x0000000049570000)
 PSPermGen       total 106432K, used 60535K [0x000000003d1e0000, 0x00000000439d0000, 0x00000000451e0000)
  object space 106432K, 56% used [0x000000003d1e0000,0x0000000040cfdcc8,0x00000000439d0000)

Dynamic libraries:
0x000000013f7d0000 - 0x000000013f802000 	C:\Program Files\MATLAB\R2012a\bin\win64\matlab.exe
0x0000000077460000 - 0x000000007760a000 	C:\Windows\SYSTEM32\ntdll.dll
0x0000000077240000 - 0x000000007735f000 	C:\Windows\system32\kernel32.dll
0x000007fefd4e0000 - 0x000007fefd54a000 	C:\Windows\system32\KERNELBASE.dll
0x0000000074460000 - 0x0000000074554000 	C:\Program Files\MATLAB\R2012a\bin\win64\libut.dll
0x00000000758a0000 - 0x0000000075952000 	C:\Program Files\MATLAB\R2012a\bin\win64\libmwi18n.dll
0x0000000180000000 - 0x000000018000b000 	C:\Program Files\MATLAB\R2012a\bin\win64\libmwresource_core.dll
0x0000000067b10000 - 0x0000000067be3000 	C:\Windows\WinSxS\amd64_microsoft.vc90.crt_1fc8b3b9a1e18e3b_9.0.30729.6161_none_08e61857a83bc251\MSVCP90.dll
0x0000000067ed0000 - 0x0000000067f73000 	C:\Windows\WinSxS\amd64_microsoft.vc90.crt_1fc8b3b9a1e18e3b_9.0.30729.6161_none_08e61857a83bc251\MSVCR90.dll
0x000000007a170000 - 0x000000007a19c000 	C:\Program Files\MATLAB\R2012a\bin\win64\boost_filesystem-vc90-mt-1_44.dll
0x000000007a560000 - 0x000000007a569000 	C:\Program Files\MATLAB\R2012a\bin\win64\boost_system-vc90-mt-1_44.dll
0x000007fefd550000 - 0x000007fefd62b000 	C:\Windows\system32\ADVAPI32.dll
0x000007fefe9f0000 - 0x000007fefea8f000 	C:\Windows\system32\msvcrt.dll
0x000007fefdb20000 - 0x000007fefdb3f000 	C:\Windows\SYSTEM32\sechost.dll
0x000007feff200000 - 0x000007feff32d000 	C:\Windows\system32\RPCRT4.dll
0x000000007a010000 - 0x000000007a035000 	C:\Program Files\MATLAB\R2012a\bin\win64\LIBEXPAT.dll
0x0000000072a20000 - 0x0000000072c11000 	C:\Program Files\MATLAB\R2012a\bin\win64\icuin44.dll
0x0000000073580000 - 0x00000000736f1000 	C:\Program Files\MATLAB\R2012a\bin\win64\icuuc44.dll
0x0000000010000000 - 0x0000000010e41000 	C:\Program Files\MATLAB\R2012a\bin\win64\icudt44.dll
0x0000000073f70000 - 0x00000000740ad000 	C:\Program Files\MATLAB\R2012a\bin\win64\libmwfl.dll
0x0000000004410000 - 0x0000000004706000 	C:\Program Files\MATLAB\R2012a\bin\win64\libmwMATLAB_res.dll
0x000000007a3b0000 - 0x000000007a3c0000 	C:\Program Files\MATLAB\R2012a\bin\win64\boost_date_time-vc90-mt-1_44.dll
0x000000007a250000 - 0x000000007a263000 	C:\Program Files\MATLAB\R2012a\bin\win64\boost_signals-vc90-mt-1_44.dll
0x000000007a2d0000 - 0x000000007a2e2000 	C:\Program Files\MATLAB\R2012a\bin\win64\boost_thread-vc90-mt-1_44.dll
0x0000000004190000 - 0x00000000041d6000 	C:\Program Files\MATLAB\R2012a\bin\win64\tbb.dll
0x000007fefdb00000 - 0x000007fefdb19000 	C:\Windows\system32\imagehlp.dll
0x0000000077630000 - 0x0000000077637000 	C:\Windows\system32\PSAPI.DLL
0x000000007a300000 - 0x000000007a313000 	C:\Program Files\MATLAB\R2012a\bin\win64\icuio44.dll
0x000007fefa180000 - 0x000007fefa2a5000 	C:\Windows\system32\dbghelp.dll
0x0000000077360000 - 0x000000007745a000 	C:\Windows\system32\USER32.dll
0x000007feff0a0000 - 0x000007feff107000 	C:\Windows\system32\GDI32.dll
0x000007feff120000 - 0x000007feff12e000 	C:\Windows\system32\LPK.dll
0x000007feff130000 - 0x000007feff1fa000 	C:\Windows\system32\USP10.dll
0x000000007bed0000 - 0x000000007c183000 	C:\Program Files\MATLAB\R2012a\bin\win64\libmwservices.dll
0x0000000075a20000 - 0x0000000075ae2000 	C:\Program Files\MATLAB\R2012a\bin\win64\libmx.dll
0x000000007a210000 - 0x000000007a228000 	C:\Program Files\MATLAB\R2012a\bin\win64\zlib1.dll
0x0000000004230000 - 0x0000000004251000 	C:\Program Files\MATLAB\R2012a\bin\win64\libmwmfl_scalar.dll
0x0000000075f10000 - 0x0000000075f5d000 	C:\Program Files\MATLAB\R2012a\bin\win64\mpath.dll
0x000000007b680000 - 0x000000007bbe1000 	C:\Program Files\MATLAB\R2012a\bin\win64\mlutil.dll
0x00000000751e0000 - 0x000000007525f000 	C:\Program Files\MATLAB\R2012a\bin\win64\xmlcore.dll
0x000000007bc30000 - 0x000000007be83000 	C:\Program Files\MATLAB\R2012a\bin\win64\xerces-c_2_7.dll
0x000007feff680000 - 0x000007feff6cd000 	C:\Windows\system32\WS2_32.dll
0x000007feff110000 - 0x000007feff118000 	C:\Windows\system32\NSI.dll
0x00000000042b0000 - 0x00000000042ca000 	C:\Program Files\MATLAB\R2012a\bin\win64\libmwMATLAB_settings_res.dll
0x0000000004710000 - 0x0000000004757000 	C:\Program Files\MATLAB\R2012a\bin\win64\boost_serialization-vc90-mt-1_44.dll
0x000007fefdbc0000 - 0x000007fefe94c000 	C:\Windows\system32\SHELL32.dll
0x000007fefdb40000 - 0x000007fefdbb1000 	C:\Windows\system32\SHLWAPI.dll
0x000007feef4b0000 - 0x000007feef550000 	C:\Windows\WinSxS\amd64_microsoft.windows.common-controls_6595b64144ccf1df_5.82.7601.18837_none_a4d981ff711297b6\COMCTL32.dll
0x000007fefe950000 - 0x000007fefe9e7000 	C:\Windows\system32\COMDLG32.dll
0x000007fefb020000 - 0x000007fefb036000 	C:\Windows\system32\NETAPI32.dll
0x000007fefc970000 - 0x000007fefc97c000 	C:\Windows\system32\netutils.dll
0x000007fefccf0000 - 0x000007fefcd13000 	C:\Windows\system32\srvcli.dll
0x000007fefafb0000 - 0x000007fefafc5000 	C:\Windows\system32\wkscli.dll
0x000007fefd8f0000 - 0x000007fefdaf3000 	C:\Windows\system32\ole32.dll
0x000007fefd810000 - 0x000007fefd8ea000 	C:\Windows\system32\OLEAUT32.dll
0x0000000074970000 - 0x0000000074b06000 	C:\Program Files\MATLAB\R2012a\bin\win64\mcr.dll
0x0000000004760000 - 0x0000000004acb000 	C:\Program Files\MATLAB\R2012a\bin\win64\iqm.dll
0x0000000004ad0000 - 0x00000000052f1000 	C:\Program Files\MATLAB\R2012a\bin\win64\m_interpreter.dll
0x0000000079d70000 - 0x0000000079d95000 	C:\Program Files\MATLAB\R2012a\bin\win64\libmex.dll
0x0000000005320000 - 0x00000000053d3000 	C:\Program Files\MATLAB\R2012a\bin\win64\m_dispatcher.dll
0x0000000074880000 - 0x000000007496d000 	C:\Program Files\MATLAB\R2012a\bin\win64\boost_regex-vc90-mt-1_44.dll
0x0000000074620000 - 0x00000000746a4000 	C:\Program Files\MATLAB\R2012a\bin\win64\profiler.dll
0x0000000005410000 - 0x0000000005665000 	C:\Program Files\MATLAB\R2012a\bin\win64\libmwmathutil.dll
0x0000000079f40000 - 0x0000000079f6d000 	C:\Program Files\MATLAB\R2012a\bin\win64\libmwmathrng.dll
0x0000000074c10000 - 0x0000000074ced000 	C:\Program Files\MATLAB\R2012a\bin\win64\libmwmathcore.dll
0x0000000076160000 - 0x00000000761cb000 	C:\Program Files\MATLAB\R2012a\bin\win64\libmwspmatrix.dll
0x0000000075ea0000 - 0x0000000075f02000 	C:\Program Files\MATLAB\R2012a\bin\win64\libmwcholmod.dll
0x000000007a460000 - 0x000000007a46d000 	C:\Program Files\MATLAB\R2012a\bin\win64\libmwamd.dll
0x000000007a4b0000 - 0x000000007a4bc000 	C:\Program Files\MATLAB\R2012a\bin\win64\libmwcolamd.dll
0x0000000079340000 - 0x0000000079359000 	C:\Program Files\MATLAB\R2012a\bin\win64\libmwblas.dll
0x00000000795e0000 - 0x00000000795f2000 	C:\Program Files\MATLAB\R2012a\bin\win64\libmwbinder.dll
0x0000000059380000 - 0x000000005938b000 	C:\Program Files\MATLAB\R2012a\bin\win64\libmwompwrapper.dll
0x0000000074d60000 - 0x0000000074de6000 	C:\Program Files\MATLAB\R2012a\bin\win64\libmwlapack.dll
0x0000000079930000 - 0x0000000079951000 	C:\Program Files\MATLAB\R2012a\bin\win64\m_pcodeio.dll
0x0000000079b10000 - 0x0000000079b77000 	C:\Program Files\MATLAB\R2012a\bin\win64\m_ir.dll
0x0000000078be0000 - 0x0000000079230000 	C:\Program Files\MATLAB\R2012a\bin\win64\m_parser.dll
0x0000000079360000 - 0x000000007937a000 	C:\Program Files\MATLAB\R2012a\bin\win64\ir_xfmr.dll
0x000000007b000000 - 0x000000007b279000 	C:\Program Files\MATLAB\R2012a\bin\win64\mcos.dll
0x00000000595f0000 - 0x00000000595fc000 	C:\Program Files\MATLAB\R2012a\bin\win64\mtok.dll
0x0000000005780000 - 0x00000000057b1000 	C:\Program Files\MATLAB\R2012a\bin\win64\m_pcodegen.dll
0x0000000079fb0000 - 0x0000000079fe7000 	C:\Program Files\MATLAB\R2012a\bin\win64\libmwbridge.dll
0x00000000057e0000 - 0x00000000058a8000 	C:\Program Files\MATLAB\R2012a\bin\win64\udd.dll
0x0000000072d40000 - 0x0000000072e92000 	C:\Program Files\MATLAB\R2012a\bin\win64\libmwgui.dll
0x00000000058d0000 - 0x00000000058e7000 	C:\Program Files\MATLAB\R2012a\bin\win64\graphics_util.dll
0x0000000005900000 - 0x00000000062a3000 	C:\Program Files\MATLAB\R2012a\bin\win64\hg.dll
0x00000000062c0000 - 0x0000000006327000 	C:\Program Files\MATLAB\R2012a\bin\win64\libmat.dll
0x0000000006340000 - 0x0000000006554000 	C:\Program Files\MATLAB\R2012a\bin\win64\hdf5dll.dll
0x0000000075710000 - 0x00000000757c1000 	C:\Program Files\MATLAB\R2012a\bin\win64\jmi.dll
0x0000000006580000 - 0x000000000658e000 	C:\Program Files\MATLAB\R2012a\bin\win64\nativejava_services.dll
0x0000000075c00000 - 0x0000000075c42000 	C:\Program Files\MATLAB\R2012a\bin\win64\libmwhardcopy.dll
0x0000000074e60000 - 0x0000000074eba000 	C:\Program Files\MATLAB\R2012a\bin\win64\libuij.dll
0x00000000725e0000 - 0x00000000727ec000 	C:\Program Files\MATLAB\R2012a\bin\win64\hgdatatypes.dll
0x00000000065d0000 - 0x00000000066cd000 	C:\Program Files\MATLAB\R2012a\bin\win64\hgutils.dll
0x00000000066e0000 - 0x000000000679d000 	C:\Program Files\MATLAB\R2012a\bin\win64\udd_mi.dll
0x00000000067b0000 - 0x00000000067eb000 	C:\Program Files\MATLAB\R2012a\bin\win64\libmwgbtutils.dll
0x0000000006800000 - 0x0000000006819000 	C:\Program Files\MATLAB\R2012a\bin\win64\libmwgbt.dll
0x0000000006830000 - 0x0000000006afa000 	C:\Program Files\MATLAB\R2012a\bin\win64\uiw.dll
0x00000000592d0000 - 0x00000000592df000 	C:\Program Files\MATLAB\R2012a\bin\win64\uinone.dll
0x000007fef9cf0000 - 0x000007fef9d08000 	C:\Windows\system32\MPR.dll
0x0000000077b40000 - 0x0000000078024000 	C:\Windows\WinSxS\amd64_microsoft.vc90.mfc_1fc8b3b9a1e18e3b_9.0.30729.6161_none_044aad0bab1eb146\mfc90.dll
0x000007feeb2f0000 - 0x000007feeb2f7000 	C:\Windows\system32\MSIMG32.dll
0x000007feec4a0000 - 0x000007feec511000 	C:\Windows\system32\WINSPOOL.DRV
0x0000000079970000 - 0x0000000079990000 	C:\Program Files\MATLAB\R2012a\bin\win64\mwoles05.DLL
0x00000000754c0000 - 0x000000007553c000 	C:\Program Files\MATLAB\R2012a\bin\win64\comcli.dll
0x00000000792d0000 - 0x00000000792ff000 	C:\Windows\WinSxS\amd64_microsoft.vc90.atl_1fc8b3b9a1e18e3b_9.0.30729.6161_none_0a1fd3a3a768b895\ATL90.DLL
0x0000000079e10000 - 0x0000000079e1c000 	C:\Program Files\MATLAB\R2012a\bin\win64\mlautoregister.dll
0x0000000006b50000 - 0x0000000006b60000 	C:\Program Files\MATLAB\R2012a\bin\win64\boost_iostreams-vc90-mt-1_44.dll
0x000007fefee80000 - 0x000007fefeeae000 	C:\Windows\system32\IMM32.DLL
0x000007fefea90000 - 0x000007fefeb99000 	C:\Windows\system32\MSCTF.dll
0x0000000006c90000 - 0x0000000006cc9000 	C:\PROGRA~2\Sophos\SOPHOS~1\SOPHOS~2.DLL
0x000007fefba90000 - 0x000007fefbae6000 	C:\Windows\system32\UxTheme.dll
0x000007fefb2c0000 - 0x000007fefb2d8000 	C:\Windows\system32\dwmapi.dll
0x000000005d240000 - 0x000000005d24d000 	C:\Windows\WinSxS\amd64_microsoft.vc90.mfcloc_1fc8b3b9a1e18e3b_9.0.30729.6161_none_01c9581e60cbee58\MFC90ENU.DLL
0x0000000006ec0000 - 0x0000000006ee9000 	C:\Program Files\MATLAB\R2012a\bin\win64\tbbmalloc.dll
0x000007fef7820000 - 0x000007fef7869000 	C:\Program Files (x86)\TeamViewer\tv_x64.dll
0x000007fefc2a0000 - 0x000007fefc2ac000 	C:\Windows\system32\VERSION.dll
0x000000000e5b0000 - 0x000000000ec0d000 	C:\Program Files\MATLAB\R2012a\sys\java\jre\win64\jre\bin\server\jvm.dll
0x000007fefaa40000 - 0x000007fefaa7b000 	C:\Windows\system32\WINMM.dll
0x000007fefd1a0000 - 0x000007fefd1af000 	C:\Windows\system32\profapi.dll
0x0000000008840000 - 0x0000000008843000 	C:\Windows\system32\icmp.Dll
0x000007fefbfc0000 - 0x000007fefbfe7000 	C:\Windows\system32\iphlpapi.DLL
0x000007fefc290000 - 0x000007fefc29b000 	C:\Windows\system32\WINNSI.DLL
0x000007fefcf60000 - 0x000007fefcf85000 	C:\Windows\system32\SspiCli.dll
0x000007fefa630000 - 0x000007fefa645000 	C:\Windows\system32\NLAapi.dll
0x000007fef8c20000 - 0x000007fef8c35000 	C:\Windows\system32\napinsp.dll
0x000007fef8c00000 - 0x000007fef8c19000 	C:\Windows\system32\pnrpnsp.dll
0x000007fefc910000 - 0x000007fefc965000 	C:\Windows\System32\mswsock.dll
0x000007fefc7a0000 - 0x000007fefc7fb000 	C:\Windows\system32\DNSAPI.dll

VM Arguments:
jvm_args: -Xss512k -XX:PermSize=32m -Xms64m -XX:NewRatio=3 -XX:MaxPermSize=128m -Xmx196m -XX:MaxDirectMemorySize=2147400000 -Dsun.java2d.noddraw=true -Dsun.awt.nopixfmt=true -Xshare:off -Xrs -Dsun.awt.disableMixing=true -Djava.library.path=C:\Program Files\MATLAB\R2012a\bin\win64 vfprintf abort 
java_command: <unknown>
Launcher Type: generic

Environment Variables:
JAVA_HOME=C:\Program Files\Java\jdk1.8.0_92
PATH=C:\ProgramData\Oracle\Java\javapath;C:\Program Files (x86)\Common Files\Intel\Shared Libraries\redist\intel64\mpirt;C:\Program Files (x86)\Common Files\Intel\Shared Libraries\redist\intel64\compiler;C:\Program Files (x86)\Common Files\Intel\Shared Libraries\redist\ia32\mpirt;C:\Program Files (x86)\Common Files\Intel\Shared Libraries\redist\ia32\compiler;C:\Program Files\Common Files\Microsoft Shared\Windows Live;C:\Program Files (x86)\Common Files\Microsoft Shared\Windows Live;C:\Windows\system32;C:\Windows;C:\Windows\System32\Wbem;C:\Windows\System32\WindowsPowerShell\v1.0\;c:\Program Files (x86)\Common Files\Roxio Shared\DLLShared\;c:\Program Files (x86)\Common Files\Roxio Shared\10.0\DLLShared\;C:\Program Files (x86)\Common Files\Thunder Network\KanKan\Codecs;C:\Program Files (x86)\Windows Live\Shared;C:\Program Files\MATLAB\R2012a\bin;C:\Program Files\TortoiseSVN\bin;C:\Program Files\Microsoft\Web Platform Installer\;C:\Program Files (x86)\Microsoft ASP.NET\ASP.NET Web Pages\v1.0\;C:\Program Files (x86)\Windows Kits\8.0\Windows Performance Toolkit\;C:\Program Files\Microsoft SQL Server\110\Tools\Binn\;"C:\Users\sarkara1\Box Sync\IMPlanner Research\Softwares\apache-maven-3.3.3\bin";c:\Program Files (x86)\Microsoft SQL Server\110\Tools\Binn\;c:\Program Files\Microsoft SQL Server\110\DTS\Binn\;C:\Program Files (x86)\QuickTime\QTSystem\;C:\Program Files (x86)\Skype\Phone\;C:\Program Files\Siemens\NX 10.0\UGII\;USERPROFILE\.dnx\bin;C:\Program Files\Microsoft DNX\Dnvm\;C:\Program Files\Java\jdk1.8.0_92\bin;C:\Users\sarkara1\Box Sync\IMPlanner Research\Softwares\apache-ant-1.9.6\bin;JADE_HONE\lib\jade.jar
USERNAME=sarkara1
OS=Windows_NT
PROCESSOR_IDENTIFIER=Intel64 Family 6 Model 44 Stepping 2, GenuineIntel



---------------  S Y S T E M  ---------------

OS: Windows 7 Build 7601 Service Pack 1

CPU:total 8 (16 cores per cpu, 2 threads per core) family 6 model 44 stepping 2, cmov, cx8, fxsr, mmx, sse, sse2, sse3, ssse3, sse4.1, sse4.2, ht

Memory: 4k page, physical 50314468k(30205772k free), swap 100627076k(78713828k free)

vm_info: Java HotSpot(TM) 64-Bit Server VM (14.3-b01) for windows-amd64 JRE (1.6.0_17-b04), built on Oct 11 2009 00:46:08 by "java_re" with MS VC++ 8.0

time: Wed Oct 12 15:42:53 2016
elapsed time: 262 seconds

